<?xml version="1.0" encoding="UTF-8"?>
<!-- Generated by org.testng.reporters.JUnitReportReporter -->
<testsuite skipped="0" hostname="DESKTOP-SE92N12" name="com.tvo.test.DocsAndSeriesTest" tests="1" failures="0" timestamp="18 Aug 2022 14:43:14 GMT" time="7.834" errors="0">
  <testcase name="aboutThisItem_test" time="7.834" classname="com.tvo.test.DocsAndSeriesTest"/>
</testsuite> <!-- com.tvo.test.DocsAndSeriesTest -->
